<?xml version="1.0" encoding="UTF-8"?>
<!-- Generated by org.testng.reporters.JUnitXMLReporter -->
<testsuite ignored="0" hostname="DESKTOP-C95QSIM" failures="1" tests="1" name="Default test" time="1.078" errors="0" timestamp="2022-09-01T23:07:32 AMT">
  <testcase classname="io.cucumber.testng.AbstractTestNGCucumberTests" name="runScenario" time="0.463">
    <failure type="java.lang.NullPointerException" message="Cannot invoke &amp;quot;org.apache.log4j.Logger.info(Object)&amp;quot; because &amp;quot;zoopla.stepdef.ZooplaStepDefClass.logger&amp;quot; is null">
      <![CDATA[java.lang.NullPointerException: Cannot invoke "org.apache.log4j.Logger.info(Object)" because "zoopla.stepdef.ZooplaStepDefClass.logger" is null
at zoopla.stepdef.ZooplaStepDefClass.user_able_to_open_a_any_browser(ZooplaStepDefClass.java:17)
at ✽.User able to open a any browser(file:///C:/Users/User/eclipse-workspace/Zoopla_Framework/./Features/ZooplaLogin.feature:7)
]]>
    </failure>
  </testcase> <!-- runScenario -->
</testsuite> <!-- Default test -->
